2023-12-27 03:17:10.022 [info] Added views:workbench.panel.markers.view in workbench.panel.markers
2023-12-27 03:17:10.023 [info] Added views:workbench.panel.output in workbench.panel.output
2023-12-27 03:17:10.023 [info] Added views:terminal in terminal
2023-12-27 03:17:10.023 [info] Added views:outline in workbench.view.explorer
2023-12-27 03:17:10.023 [info] Added views:workbench.scm in workbench.view.scm
2023-12-27 03:17:10.023 [info] Added views:workbench.view.search in workbench.view.search
2023-12-27 03:17:10.023 [info] Added views:timeline in workbench.view.explorer
2023-12-27 03:17:10.023 [info] Added views:workbench.explorer.fileView in workbench.view.explorer
2023-12-27 03:17:13.922 [info] Added views:workbench.debug.variablesView,workbench.debug.watchExpressionsView,workbench.debug.callStackView,workbench.debug.breakPointsView in workbench.view.debug
2023-12-27 03:17:16.375 [info] Added views:projectsExplorerFavorites,projectManagerHelpAndFeedback in workbench.view.extension.project-manager
2023-12-27 03:17:16.381 [info] Added views:gitlens.views.home,gitlens.views.drafts,gitlens.views.workspaces,gitlens.views.account in workbench.view.extension.gitlens
2023-12-27 03:17:16.386 [info] Added views:gitlens.views.commitDetails,gitlens.views.lineHistory,gitlens.views.fileHistory,gitlens.views.searchAndCompare in workbench.view.extension.gitlensInspect
2023-12-27 03:17:16.392 [info] Added views:gitlens.views.commits,gitlens.views.branches,gitlens.views.remotes,gitlens.views.stashes,gitlens.views.tags,gitlens.views.contributors in workbench.view.scm
2023-12-27 03:17:17.367 [info] Added views:workbench.panel.repl.view in workbench.panel.repl
2023-12-27 03:17:17.390 [info] Removed views:workbench.debug.breakPointsView,workbench.debug.callStackView,workbench.debug.watchExpressionsView,workbench.debug.variablesView from workbench.view.debug
2023-12-27 03:17:17.393 [info] Added views:workbench.debug.welcome in workbench.view.debug
2023-12-27 03:17:19.301 [info] Added views:~remote.forwardedPorts in ~remote.forwardedPortsContainer
2023-12-27 03:17:21.665 [info] Added views:projectsExplorerGit in workbench.view.extension.project-manager
2023-12-27 03:17:21.945 [info] Removed views:gitlens.views.workspaces,gitlens.views.drafts from workbench.view.extension.gitlens
2023-12-27 03:17:21.991 [info] Removed views:gitlens.views.searchAndCompare,gitlens.views.fileHistory,gitlens.views.lineHistory,gitlens.views.commitDetails from workbench.view.extension.gitlensInspect
2023-12-27 03:17:22.014 [info] Removed views:gitlens.views.contributors,gitlens.views.tags,gitlens.views.stashes,gitlens.views.remotes,gitlens.views.branches,gitlens.views.commits from workbench.view.scm
2023-12-27 03:17:31.351 [info] Added views:gitlens.views.drafts,gitlens.views.workspaces in workbench.view.extension.gitlens
2023-12-27 03:17:31.429 [info] Added views:gitlens.views.graph,gitlens.views.graphDetails in workbench.view.extension.gitlensPanel
2023-12-27 03:17:31.440 [info] Added views:gitlens.views.commitDetails,gitlens.views.lineHistory,gitlens.views.fileHistory,gitlens.views.timeline,gitlens.views.searchAndCompare in workbench.view.extension.gitlensInspect
2023-12-27 03:17:31.449 [info] Added views:gitlens.views.commits,gitlens.views.branches,gitlens.views.remotes,gitlens.views.stashes,gitlens.views.tags,gitlens.views.worktrees,gitlens.views.contributors in workbench.view.scm
2023-12-27 03:42:00.692 [info] Added views:workbench.panel.markers.view in workbench.panel.markers
2023-12-27 03:42:00.692 [info] Added views:workbench.panel.output in workbench.panel.output
2023-12-27 03:42:00.692 [info] Added views:terminal in terminal
2023-12-27 03:42:00.692 [info] Added views:outline in workbench.view.explorer
2023-12-27 03:42:00.692 [info] Added views:workbench.scm in workbench.view.scm
2023-12-27 03:42:00.692 [info] Added views:workbench.view.search in workbench.view.search
2023-12-27 03:42:00.692 [info] Added views:timeline in workbench.view.explorer
2023-12-27 03:42:00.692 [info] Added views:workbench.explorer.fileView in workbench.view.explorer
2023-12-27 03:42:03.053 [info] Added views:projectsExplorerFavorites,projectManagerHelpAndFeedback in workbench.view.extension.project-manager
2023-12-27 03:42:03.062 [info] Added views:gitlens.views.home,gitlens.views.drafts,gitlens.views.workspaces,gitlens.views.account in workbench.view.extension.gitlens
2023-12-27 03:42:03.068 [info] Added views:gitlens.views.commitDetails,gitlens.views.lineHistory,gitlens.views.fileHistory,gitlens.views.searchAndCompare in workbench.view.extension.gitlensInspect
2023-12-27 03:42:03.074 [info] Added views:gitlens.views.commits,gitlens.views.branches,gitlens.views.remotes,gitlens.views.stashes,gitlens.views.tags,gitlens.views.contributors in workbench.view.scm
2023-12-27 03:42:04.536 [info] Added views:workbench.debug.welcome in workbench.view.debug
2023-12-27 03:42:05.253 [info] Added views:workbench.panel.repl.view in workbench.panel.repl
2023-12-27 03:42:10.317 [info] Added views:projectsExplorerGit in workbench.view.extension.project-manager
2023-12-27 03:42:13.035 [info] Added views:gitlens.views.graph,gitlens.views.graphDetails in workbench.view.extension.gitlensPanel
2023-12-27 03:42:13.040 [info] Added views:gitlens.views.timeline in workbench.view.extension.gitlensInspect
2023-12-27 03:42:13.063 [info] Added views:gitlens.views.worktrees in workbench.view.scm
2023-12-27 03:42:14.949 [info] Added views:~remote.forwardedPorts in ~remote.forwardedPortsContainer
2023-12-27 03:47:52.045 [info] Added views:workbench.views.extensions.installed,workbench.views.extensions.popular,extensions.recommendedList in workbench.view.extensions
2023-12-27 03:47:52.062 [info] Removed views:workbench.views.extensions.popular from workbench.view.extensions
