2023-12-27 13:36:31.748 [info] Log level: Info
2023-12-27 13:36:31.749 [info] Validating found git in: "git"
2023-12-27 13:36:31.749 [info] Using git "2.30.2" from "git"
2023-12-27 13:36:31.749 [info] > git rev-parse --show-toplevel [91ms]
2023-12-27 13:36:31.755 [info] > git rev-parse --git-dir --git-common-dir [30ms]
2023-12-27 13:36:31.885 [info] Open repository: /home/rosalio-morales/Escritorio/boilerplate-project-metricimpconverter
2023-12-27 13:36:31.981 [info] > git config --get commit.template [55ms]
2023-12-27 13:36:31.999 [info] > git rev-parse --show-toplevel [48ms]
2023-12-27 13:36:32.083 [info] > git rev-parse --show-toplevel [5ms]
2023-12-27 13:36:32.086 [info] > git for-each-ref --format=%(refname)%00%(upstream:short)%00%(objectname)%00%(upstream:track)%00%(upstream:remotename)%00%(upstream:remoteref) refs/heads/main refs/remotes/main [44ms]
2023-12-27 13:36:32.330 [info] > git rev-parse --show-toplevel [80ms]
2023-12-27 13:36:32.459 [info] > git rev-parse --show-toplevel [48ms]
2023-12-27 13:36:32.486 [info] > git rev-parse --show-toplevel [6ms]
2023-12-27 13:36:32.539 [info] > git status -z -uall [409ms]
2023-12-27 13:36:32.670 [info] > git rev-parse --show-toplevel [134ms]
2023-12-27 13:36:32.922 [info] > git config --get commit.template [244ms]
2023-12-27 13:36:33.552 [info] > git check-ignore -v -z --stdin [47ms]
2023-12-27 13:36:33.568 [info] > git for-each-ref --format=%(refname)%00%(upstream:short)%00%(objectname)%00%(upstream:track)%00%(upstream:remotename)%00%(upstream:remoteref) refs/heads/main refs/remotes/main [22ms]
2023-12-27 13:36:33.866 [info] > git status -z -uall [267ms]
2023-12-27 13:36:41.862 [info] > git for-each-ref --format=%(refname)%00%(upstream:short)%00%(objectname)%00%(upstream:track)%00%(upstream:remotename)%00%(upstream:remoteref) refs/heads/main refs/remotes/main [95ms]
2023-12-27 13:36:41.864 [info] > git config --get commit.template [128ms]
2023-12-27 13:36:42.137 [info] > git status -z -uall [166ms]
2023-12-27 13:36:47.186 [info] > git config --get commit.template [5ms]
2023-12-27 13:36:47.208 [info] > git for-each-ref --format=%(refname)%00%(upstream:short)%00%(objectname)%00%(upstream:track)%00%(upstream:remotename)%00%(upstream:remoteref) refs/heads/main refs/remotes/main [5ms]
2023-12-27 13:36:47.328 [info] > git status -z -uall [105ms]
2023-12-27 13:36:52.410 [info] > git config --get commit.template [19ms]
2023-12-27 13:36:52.413 [info] > git for-each-ref --format=%(refname)%00%(upstream:short)%00%(objectname)%00%(upstream:track)%00%(upstream:remotename)%00%(upstream:remoteref) refs/heads/main refs/remotes/main [4ms]
2023-12-27 13:36:52.531 [info] > git status -z -uall [103ms]
2023-12-27 13:36:57.612 [info] > git config --get commit.template [22ms]
2023-12-27 13:36:57.618 [info] > git for-each-ref --format=%(refname)%00%(upstream:short)%00%(objectname)%00%(upstream:track)%00%(upstream:remotename)%00%(upstream:remoteref) refs/heads/main refs/remotes/main [9ms]
2023-12-27 13:36:57.740 [info] > git status -z -uall [105ms]
2023-12-27 13:37:05.435 [info] > git config --get commit.template [5ms]
2023-12-27 13:37:05.458 [info] > git for-each-ref --format=%(refname)%00%(upstream:short)%00%(objectname)%00%(upstream:track)%00%(upstream:remotename)%00%(upstream:remoteref) refs/heads/main refs/remotes/main [6ms]
2023-12-27 13:37:05.579 [info] > git status -z -uall [104ms]
2023-12-27 13:37:15.366 [info] > git config --get commit.template [20ms]
2023-12-27 13:37:15.373 [info] > git for-each-ref --format=%(refname)%00%(upstream:short)%00%(objectname)%00%(upstream:track)%00%(upstream:remotename)%00%(upstream:remoteref) refs/heads/main refs/remotes/main [12ms]
2023-12-27 13:37:15.537 [info] > git status -z -uall [150ms]
2023-12-27 13:37:26.893 [info] > git config --get commit.template [9ms]
2023-12-27 13:37:26.919 [info] > git for-each-ref --format=%(refname)%00%(upstream:short)%00%(objectname)%00%(upstream:track)%00%(upstream:remotename)%00%(upstream:remoteref) refs/heads/main refs/remotes/main [5ms]
2023-12-27 13:37:27.039 [info] > git status -z -uall [107ms]
2023-12-27 13:40:55.128 [info] > git config --get commit.template [6ms]
2023-12-27 13:40:55.150 [info] > git for-each-ref --format=%(refname)%00%(upstream:short)%00%(objectname)%00%(upstream:track)%00%(upstream:remotename)%00%(upstream:remoteref) refs/heads/main refs/remotes/main [5ms]
2023-12-27 13:40:55.268 [info] > git status -z -uall [104ms]
2023-12-27 13:42:04.005 [info] > git config --get commit.template [3ms]
2023-12-27 13:42:04.022 [info] > git for-each-ref --format=%(refname)%00%(upstream:short)%00%(objectname)%00%(upstream:track)%00%(upstream:remotename)%00%(upstream:remoteref) refs/heads/main refs/remotes/main [4ms]
2023-12-27 13:42:04.141 [info] > git status -z -uall [106ms]
2023-12-27 13:42:55.787 [info] > git config --get commit.template [5ms]
2023-12-27 13:42:55.807 [info] > git for-each-ref --format=%(refname)%00%(upstream:short)%00%(objectname)%00%(upstream:track)%00%(upstream:remotename)%00%(upstream:remoteref) refs/heads/main refs/remotes/main [6ms]
2023-12-27 13:42:55.922 [info] > git status -z -uall [103ms]
2023-12-27 13:43:01.544 [info] > git config --get commit.template [6ms]
2023-12-27 13:43:01.569 [info] > git for-each-ref --format=%(refname)%00%(upstream:short)%00%(objectname)%00%(upstream:track)%00%(upstream:remotename)%00%(upstream:remoteref) refs/heads/main refs/remotes/main [5ms]
2023-12-27 13:43:01.692 [info] > git status -z -uall [106ms]
2023-12-27 13:43:09.289 [info] > git config --get commit.template [23ms]
2023-12-27 13:43:09.297 [info] > git for-each-ref --format=%(refname)%00%(upstream:short)%00%(objectname)%00%(upstream:track)%00%(upstream:remotename)%00%(upstream:remoteref) refs/heads/main refs/remotes/main [10ms]
2023-12-27 13:43:09.447 [info] > git status -z -uall [137ms]
2023-12-27 13:43:26.836 [info] > git config --get commit.template [4ms]
2023-12-27 13:43:26.853 [info] > git for-each-ref --format=%(refname)%00%(upstream:short)%00%(objectname)%00%(upstream:track)%00%(upstream:remotename)%00%(upstream:remoteref) refs/heads/main refs/remotes/main [5ms]
2023-12-27 13:43:27.073 [info] > git status -z -uall [206ms]
2023-12-27 13:44:36.337 [info] > git config --get commit.template [16ms]
2023-12-27 13:44:36.339 [info] > git for-each-ref --format=%(refname)%00%(upstream:short)%00%(objectname)%00%(upstream:track)%00%(upstream:remotename)%00%(upstream:remoteref) refs/heads/main refs/remotes/main [5ms]
2023-12-27 13:44:36.452 [info] > git status -z -uall [99ms]
2023-12-27 13:44:41.510 [info] > git config --get commit.template [17ms]
2023-12-27 13:44:41.515 [info] > git for-each-ref --format=%(refname)%00%(upstream:short)%00%(objectname)%00%(upstream:track)%00%(upstream:remotename)%00%(upstream:remoteref) refs/heads/main refs/remotes/main [7ms]
2023-12-27 13:44:41.627 [info] > git status -z -uall [100ms]
2023-12-27 13:44:50.399 [info] > git config --get commit.template [3ms]
2023-12-27 13:44:50.415 [info] > git for-each-ref --format=%(refname)%00%(upstream:short)%00%(objectname)%00%(upstream:track)%00%(upstream:remotename)%00%(upstream:remoteref) refs/heads/main refs/remotes/main [4ms]
2023-12-27 13:44:50.532 [info] > git status -z -uall [104ms]
2023-12-27 13:44:55.760 [info] > git config --get commit.template [4ms]
2023-12-27 13:44:55.778 [info] > git for-each-ref --format=%(refname)%00%(upstream:short)%00%(objectname)%00%(upstream:track)%00%(upstream:remotename)%00%(upstream:remoteref) refs/heads/main refs/remotes/main [4ms]
2023-12-27 13:44:55.912 [info] > git status -z -uall [120ms]
2023-12-27 14:01:20.259 [info] > git config --get commit.template [43ms]
2023-12-27 14:01:20.269 [info] > git for-each-ref --format=%(refname)%00%(upstream:short)%00%(objectname)%00%(upstream:track)%00%(upstream:remotename)%00%(upstream:remoteref) refs/heads/main refs/remotes/main [13ms]
2023-12-27 14:01:20.400 [info] > git status -z -uall [117ms]
2023-12-27 14:01:25.473 [info] > git config --get commit.template [23ms]
2023-12-27 14:01:25.480 [info] > git for-each-ref --format=%(refname)%00%(upstream:short)%00%(objectname)%00%(upstream:track)%00%(upstream:remotename)%00%(upstream:remoteref) refs/heads/main refs/remotes/main [14ms]
2023-12-27 14:01:25.595 [info] > git status -z -uall [103ms]
2023-12-27 14:01:34.553 [info] > git config --get commit.template [28ms]
2023-12-27 14:01:34.558 [info] > git for-each-ref --format=%(refname)%00%(upstream:short)%00%(objectname)%00%(upstream:track)%00%(upstream:remotename)%00%(upstream:remoteref) refs/heads/main refs/remotes/main [6ms]
2023-12-27 14:01:34.682 [info] > git status -z -uall [105ms]
2023-12-27 14:01:46.532 [info] > git config --get commit.template [51ms]
2023-12-27 14:01:46.557 [info] > git for-each-ref --format=%(refname)%00%(upstream:short)%00%(objectname)%00%(upstream:track)%00%(upstream:remotename)%00%(upstream:remoteref) refs/heads/main refs/remotes/main [28ms]
2023-12-27 14:01:46.713 [info] > git status -z -uall [125ms]
2023-12-27 14:01:51.773 [info] No remotes found in the git config file.
2023-12-27 14:01:51.776 [info] > git config --get commit.template [17ms]
2023-12-27 14:01:51.778 [info] > git for-each-ref --format=%(refname)%00%(upstream:short)%00%(objectname)%00%(upstream:track)%00%(upstream:remotename)%00%(upstream:remoteref) refs/heads/main refs/remotes/main [6ms]
2023-12-27 14:01:51.937 [info] > git status -z -uall [147ms]
2023-12-27 14:02:09.968 [info] No remotes found in the git config file.
2023-12-27 14:02:09.971 [info] > git config --get commit.template [21ms]
2023-12-27 14:02:09.979 [info] > git for-each-ref --format=%(refname)%00%(upstream:short)%00%(objectname)%00%(upstream:track)%00%(upstream:remotename)%00%(upstream:remoteref) refs/heads/main refs/remotes/main [11ms]
2023-12-27 14:02:10.099 [info] > git status -z -uall [107ms]
2023-12-27 14:02:15.156 [info] > git config --get commit.template [16ms]
2023-12-27 14:02:15.164 [info] > git for-each-ref --format=%(refname)%00%(upstream:short)%00%(objectname)%00%(upstream:track)%00%(upstream:remotename)%00%(upstream:remoteref) refs/heads/main refs/remotes/main [9ms]
2023-12-27 14:02:15.282 [info] > git status -z -uall [106ms]
2023-12-27 14:02:29.551 [info] > git config --get commit.template [23ms]
2023-12-27 14:02:29.567 [info] > git for-each-ref --format=%(refname)%00%(upstream:short)%00%(objectname)%00%(upstream:track)%00%(upstream:remotename)%00%(upstream:remoteref) refs/heads/main refs/remotes/main [22ms]
2023-12-27 14:02:29.704 [info] > git status -z -uall [116ms]
